[2023-10-13 15:01:12.015042]: begin loadTRTModel ../det_face_id/model/det_face_id_v1.0.3-1.trt
[2023-10-13 15:01:12.354803]: model size: 22170360
[2023-10-13 15:01:15.584778]: Glob Size is 22110592 bytes.
[2023-10-13 15:01:15.590910]: Added linear block of size 100663296
[2023-10-13 15:01:15.591012]: Added linear block of size 100663296
[2023-10-13 15:01:15.591049]: Added linear block of size 12582912
[2023-10-13 15:01:15.603005]: Deserialize required 32211 microseconds.
[2023-10-13 15:01:15.608228]: end loadTRTModel
[2023-10-13 15:01:15.655907]: Det Face MTCNN Net: Start Detect.
[2023-10-13 15:01:15.793851]: Det Face MTCNN Net Cost Time: 17.492 ms
[2023-10-13 15:01:15.897588]: Calc_feature Cost Time: 103 ms
[2023-10-13 15:01:15.898362]: Det Face MTCNN Net: Start Detect.
[2023-10-13 15:01:15.906232]: Det Face MTCNN Net Cost Time: 7.795 ms
[2023-10-13 15:01:15.920931]: Calc_feature Cost Time: 14 ms
[2023-10-13 15:01:15.921765]: Det Face MTCNN Net: Start Detect.
[2023-10-13 15:01:15.926474]: Det Face MTCNN Net Cost Time: 4.634 ms
[2023-10-13 15:01:15.941043]: Calc_feature Cost Time: 14 ms
[2023-10-13 15:01:15.941389]: Det Face MTCNN Net: Start Detect.
[2023-10-13 15:01:15.943783]: Det Face MTCNN Net Cost Time: 2.362 ms
[2023-10-13 15:01:15.957785]: Calc_feature Cost Time: 13 ms
[2023-10-13 15:01:15.976561]: Det Face MTCNN Net: Start Detect.
[2023-10-13 15:01:15.993404]: Det Face MTCNN Net Cost Time: 42.532 ms
[2023-10-13 15:01:16.177411]: Calc_feature Cost Time: 183 ms
[2023-10-13 15:01:16.177474]: Get ids Cost Time: 0 ms
[2023-10-13 15:01:16.226565]: Det Face MTCNN Net: Start Detect.
[2023-10-13 15:01:16.243648]: Det Face MTCNN Net Cost Time: 46.512 ms
[2023-10-13 15:01:16.438719]: Calc_feature Cost Time: 195 ms
[2023-10-13 15:01:16.438788]: Get ids Cost Time: 0 ms
